Using pre-set license
Built from '2020.3/release' branch; Version is '2020.3.2f1 (8fd9074bf66c) revision 9427207'; Using compiler version '192528614'; Build Type 'Release'
OS: 'Windows 10 Pro; OS build 19042.1237; Version 2009; 64bit' Language: 'ru' Physical Memory: 16221 MB
BatchMode: 1, IsHumanControllingUs: 0, StartBugReporterOnCrash: 0, Is64bit: 1, IsPro: 0

 COMMAND LINE ARGUMENTS:
C:\Program Files\Unity\Hub\Editor\2020.3.2f1\Editor\Unity.exe
-adb2
-batchMode
-noUpm
-name
AssetImportWorker0
-projectPath
C:/Users/andre/Unity Projects/Third Person Game
-logFile
Logs/AssetImportWorker0.log
-srvPort
54943
Successfully changed project path to: C:/Users/andre/Unity Projects/Third Person Game
C:/Users/andre/Unity Projects/Third Person Game
Using Asset Import Pipeline V2.
Refreshing native plugins compatible for Editor in 19.69 ms, found 0 plugins.
Preloading 0 native plugins for Editor in 0.00 ms.
Initialize engine version: 2020.3.2f1 (8fd9074bf66c)
[Subsystems] Discovering subsystems at path C:/Program Files/Unity/Hub/Editor/2020.3.2f1/Editor/Data/Resources/UnitySubsystems
[Subsystems] Discovering subsystems at path C:/Users/andre/Unity Projects/Third Person Game/Assets
GfxDevice: creating device client; threaded=0
Direct3D:
    Version:  Direct3D 11.0 [level 11.1]
    Renderer: NVIDIA GeForce RTX 2070 (ID=0x1f14)
    Vendor:   
    VRAM:     8031 MB
    Driver:   27.21.14.6280
Initialize mono
Mono path[0] = 'C:/Program Files/Unity/Hub/Editor/2020.3.2f1/Editor/Data/Managed'
Mono path[1] = 'C:/Program Files/Unity/Hub/Editor/2020.3.2f1/Editor/Data/MonoBleedingEdge/lib/mono/unityjit'
Mono config path = 'C:/Program Files/Unity/Hub/Editor/2020.3.2f1/Editor/Data/MonoBleedingEdge/etc'
Using monoOptions --debugger-agent=transport=dt_socket,embedding=1,server=y,suspend=n,address=127.0.0.1:56200
Begin MonoManager ReloadAssembly
Registering precompiled unity dll's ...
Register platform support module: C:/Program Files/Unity/Hub/Editor/2020.3.2f1/Editor/Data/PlaybackEngines/WindowsStandaloneSupport/UnityEditor.WindowsStandalone.Extensions.dll
Registered in 0.001719 seconds.
Native extension for WindowsStandalone target not found
Refreshing native plugins compatible for Editor in 19.61 ms, found 0 plugins.
Preloading 0 native plugins for Editor in 0.00 ms.
Invoked RoslynAnalysisRunner static constructor.
RoslynAnalysisRunner will not be running.
RoslynAnalysisRunner has terminated.
Mono: successfully reloaded assembly
- Completed reload, in  1.422 seconds
Platform modules already initialized, skipping
Registering precompiled user dll's ...
Registered in 0.000529 seconds.
Begin MonoManager ReloadAssembly
Native extension for WindowsStandalone target not found
Refreshing native plugins compatible for Editor in 0.18 ms, found 0 plugins.
Preloading 0 native plugins for Editor in 0.00 ms.
Invoked RoslynAnalysisRunner static constructor.
RoslynAnalysisRunner will not be running.
RoslynAnalysisRunner has terminated.
Mono: successfully reloaded assembly
- Completed reload, in  0.683 seconds
Platform modules already initialized, skipping
========================================================================
Worker process is ready to serve import requests
Launched and connected shader compiler UnityShaderCompiler.exe after 0.05 seconds
Refreshing native plugins compatible for Editor in 0.23 ms, found 0 plugins.
Preloading 0 native plugins for Editor in 0.00 ms.
Unloading 1119 Unused Serialized files (Serialized files now loaded: 0)
System memory in use before: 57.2 MB.
System memory in use after: 57.3 MB.

Unloading 10 unused Assets to reduce memory usage. Loaded Objects now: 1561.
Total: 1.534100 ms (FindLiveObjects: 0.130500 ms CreateObjectMapping: 0.043200 ms MarkObjects: 1.302300 ms  DeleteObjects: 0.057300 ms)

========================================================================
Received Import Request.
  path: Assets/Materials/Wall_Material.mat
  artifactKey: Guid(04f75eccc9c912744bf3b7e20d06e731) Importer(815301076,1909f56bfc062723c751e8b465ee728b)
Start importing Assets/Materials/Wall_Material.mat using Guid(04f75eccc9c912744bf3b7e20d06e731) Importer(815301076,1909f56bfc062723c751e8b465ee728b)  -> (artifact id: '331ec4372bc3783bb5f48c0b0e602c7b') in 0.090944 seconds
  Import took 0.092555 seconds .

========================================================================
Received Import Request.
  Time since last request: 0.000184 seconds.
  path: Assets/Materials/Player_Material.mat
  artifactKey: Guid(727a47f39a6377248aebe7acd5c49f62) Importer(815301076,1909f56bfc062723c751e8b465ee728b)
Start importing Assets/Materials/Player_Material.mat using Guid(727a47f39a6377248aebe7acd5c49f62) Importer(815301076,1909f56bfc062723c751e8b465ee728b)  -> (artifact id: 'fef309bc1137b23f6771f86181a32da2') in 0.016216 seconds
  Import took 0.017925 seconds .

========================================================================
Received Prepare
Refreshing native plugins compatible for Editor in 0.63 ms, found 0 plugins.
Preloading 0 native plugins for Editor in 0.00 ms.
Unloading 4 Unused Serialized files (Serialized files now loaded: 0)
System memory in use before: 38.5 MB.
System memory in use after: 38.6 MB.

Unloading 3 unused Assets to reduce memory usage. Loaded Objects now: 1602.
Total: 1.593000 ms (FindLiveObjects: 0.131800 ms CreateObjectMapping: 0.035100 ms MarkObjects: 1.391900 ms  DeleteObjects: 0.033600 ms)

========================================================================
Received Import Request.
  Time since last request: 8.537916 seconds.
  path: Assets/Scripts/Controllers/MainMenuController.cs
  artifactKey: Guid(0be3ea4470e4c4e4dae5a77c2fde6bd2) Importer(815301076,1909f56bfc062723c751e8b465ee728b)
Start importing Assets/Scripts/Controllers/MainMenuController.cs using Guid(0be3ea4470e4c4e4dae5a77c2fde6bd2) Importer(815301076,1909f56bfc062723c751e8b465ee728b)  -> (artifact id: '25c1d132aaf738a6ebc7fadec1ba0453') in 0.007622 seconds
  Import took 0.009215 seconds .

========================================================================
Received Prepare
Registering precompiled user dll's ...
Registered in 0.000419 seconds.
Begin MonoManager ReloadAssembly
Native extension for WindowsStandalone target not found
Refreshing native plugins compatible for Editor in 0.18 ms, found 0 plugins.
Preloading 0 native plugins for Editor in 0.00 ms.
Invoked RoslynAnalysisRunner static constructor.
RoslynAnalysisRunner will not be running.
RoslynAnalysisRunner has terminated.
Mono: successfully reloaded assembly
- Completed reload, in  0.698 seconds
Platform modules already initialized, skipping
Refreshing native plugins compatible for Editor in 0.18 ms, found 0 plugins.
Preloading 0 native plugins for Editor in 0.00 ms.
Unloading 1115 Unused Serialized files (Serialized files now loaded: 0)
System memory in use before: 60.6 MB.
System memory in use after: 60.6 MB.

Unloading 5 unused Assets to reduce memory usage. Loaded Objects now: 1605.
Total: 1.580200 ms (FindLiveObjects: 0.130300 ms CreateObjectMapping: 0.040800 ms MarkObjects: 1.371300 ms  DeleteObjects: 0.037000 ms)

========================================================================
Received Import Request.
  Time since last request: 3.281098 seconds.
  path: Assets/Scenes
  artifactKey: Guid(7414029de2c142c4bafe3899bb6b3a55) Importer(815301076,1909f56bfc062723c751e8b465ee728b)
Start importing Assets/Scenes using Guid(7414029de2c142c4bafe3899bb6b3a55) Importer(815301076,1909f56bfc062723c751e8b465ee728b)  -> (artifact id: 'add19068dd574704405e25089bd1d88b') in 0.007540 seconds
  Import took 0.009295 seconds .

========================================================================
Received Import Request.
  Time since last request: 1.223168 seconds.
  path: Assets/Scenes/SampleScene.unity
  artifactKey: Guid(9fc0d4010bbf28b4594072e72b8655ab) Importer(815301076,1909f56bfc062723c751e8b465ee728b)
Start importing Assets/Scenes/SampleScene.unity using Guid(9fc0d4010bbf28b4594072e72b8655ab) Importer(815301076,1909f56bfc062723c751e8b465ee728b)  -> (artifact id: 'd2e3d232c6776d50fbcb93cd7dd71b25') in 0.010537 seconds
  Import took 0.012471 seconds .

========================================================================
Received Import Request.
  Time since last request: 4.285120 seconds.
  path: Assets/Scenes/Game.unity
  artifactKey: Guid(9fc0d4010bbf28b4594072e72b8655ab) Importer(815301076,1909f56bfc062723c751e8b465ee728b)
Start importing Assets/Scenes/Game.unity using Guid(9fc0d4010bbf28b4594072e72b8655ab) Importer(815301076,1909f56bfc062723c751e8b465ee728b)  -> (artifact id: 'e1e235899c3ab9008203b2c90e56e382') in 0.006200 seconds
  Import took 0.008039 seconds .

========================================================================
Received Import Request.
  Time since last request: 7.642684 seconds.
  path: Assets/Scenes/MainMenu.unity
  artifactKey: Guid(ca341556b6f26ea4fb664267bcd72fe3) Importer(815301076,1909f56bfc062723c751e8b465ee728b)
Start importing Assets/Scenes/MainMenu.unity using Guid(ca341556b6f26ea4fb664267bcd72fe3) Importer(815301076,1909f56bfc062723c751e8b465ee728b)  -> (artifact id: '3a1554e0f76c67805ffbf51f44f1209e') in 0.005888 seconds
  Import took 0.007742 seconds .

========================================================================
Received Import Request.
  Time since last request: 183.349025 seconds.
  path: Assets/Scenes/MainMenu.unity
  artifactKey: Guid(ca341556b6f26ea4fb664267bcd72fe3) Importer(815301076,1909f56bfc062723c751e8b465ee728b)
Start importing Assets/Scenes/MainMenu.unity using Guid(ca341556b6f26ea4fb664267bcd72fe3) Importer(815301076,1909f56bfc062723c751e8b465ee728b)  -> (artifact id: '93b8cf9ac01a1bda56824a4886a42c65') in 0.002259 seconds
  Import took 0.004731 seconds .

========================================================================
Received Prepare
Registering precompiled user dll's ...
Registered in 0.000521 seconds.
Begin MonoManager ReloadAssembly
Native extension for WindowsStandalone target not found
Refreshing native plugins compatible for Editor in 0.39 ms, found 0 plugins.
Preloading 0 native plugins for Editor in 0.00 ms.
Invoked RoslynAnalysisRunner static constructor.
RoslynAnalysisRunner will not be running.
RoslynAnalysisRunner has terminated.
Mono: successfully reloaded assembly
- Completed reload, in  0.654 seconds
Platform modules already initialized, skipping
Refreshing native plugins compatible for Editor in 0.18 ms, found 0 plugins.
Preloading 0 native plugins for Editor in 0.00 ms.
Unloading 1115 Unused Serialized files (Serialized files now loaded: 0)
System memory in use before: 60.6 MB.
System memory in use after: 60.7 MB.

Unloading 5 unused Assets to reduce memory usage. Loaded Objects now: 1608.
Total: 1.451000 ms (FindLiveObjects: 0.212900 ms CreateObjectMapping: 0.034600 ms MarkObjects: 1.125600 ms  DeleteObjects: 0.076700 ms)

========================================================================
Received Import Request.
  Time since last request: 241.208483 seconds.
  path: Assets/Scripts/Controllers/MainMenuController.cs
  artifactKey: Guid(0be3ea4470e4c4e4dae5a77c2fde6bd2) Importer(815301076,1909f56bfc062723c751e8b465ee728b)
Start importing Assets/Scripts/Controllers/MainMenuController.cs using Guid(0be3ea4470e4c4e4dae5a77c2fde6bd2) Importer(815301076,1909f56bfc062723c751e8b465ee728b)  -> (artifact id: '1513e40822957c4330de48201c78a537') in 0.003631 seconds
  Import took 0.005364 seconds .

========================================================================
Received Prepare
Registering precompiled user dll's ...
Registered in 0.000507 seconds.
Begin MonoManager ReloadAssembly
Native extension for WindowsStandalone target not found
Refreshing native plugins compatible for Editor in 0.17 ms, found 0 plugins.
Preloading 0 native plugins for Editor in 0.00 ms.
Invoked RoslynAnalysisRunner static constructor.
RoslynAnalysisRunner will not be running.
RoslynAnalysisRunner has terminated.
Mono: successfully reloaded assembly
- Completed reload, in  0.637 seconds
Platform modules already initialized, skipping
Refreshing native plugins compatible for Editor in 0.18 ms, found 0 plugins.
Preloading 0 native plugins for Editor in 0.00 ms.
Unloading 1115 Unused Serialized files (Serialized files now loaded: 0)
System memory in use before: 60.6 MB.
System memory in use after: 60.7 MB.

Unloading 5 unused Assets to reduce memory usage. Loaded Objects now: 1611.
Total: 1.247800 ms (FindLiveObjects: 0.114400 ms CreateObjectMapping: 0.031100 ms MarkObjects: 1.067500 ms  DeleteObjects: 0.033900 ms)

========================================================================
Received Import Request.
  Time since last request: 93.670174 seconds.
  path: Assets/Materials/New Material.mat
  artifactKey: Guid(eaf7b043e4a06cc4a893ba6697d40fb3) Importer(815301076,1909f56bfc062723c751e8b465ee728b)
Start importing Assets/Materials/New Material.mat using Guid(eaf7b043e4a06cc4a893ba6697d40fb3) Importer(815301076,1909f56bfc062723c751e8b465ee728b)  -> (artifact id: 'b6e3746a7af34a07afc2060fa4bd437f') in 0.051909 seconds
  Import took 0.056473 seconds .

========================================================================
Received Prepare
Registering precompiled user dll's ...
Registered in 0.000436 seconds.
Begin MonoManager ReloadAssembly
Native extension for WindowsStandalone target not found
Refreshing native plugins compatible for Editor in 0.18 ms, found 0 plugins.
Preloading 0 native plugins for Editor in 0.00 ms.
Invoked RoslynAnalysisRunner static constructor.
RoslynAnalysisRunner will not be running.
RoslynAnalysisRunner has terminated.
Mono: successfully reloaded assembly
- Completed reload, in  0.642 seconds
Platform modules already initialized, skipping
Refreshing native plugins compatible for Editor in 0.18 ms, found 0 plugins.
Preloading 0 native plugins for Editor in 0.00 ms.
Unloading 1115 Unused Serialized files (Serialized files now loaded: 0)
System memory in use before: 60.6 MB.
System memory in use after: 60.7 MB.

Unloading 5 unused Assets to reduce memory usage. Loaded Objects now: 1615.
Total: 1.288500 ms (FindLiveObjects: 0.117000 ms CreateObjectMapping: 0.028400 ms MarkObjects: 1.108300 ms  DeleteObjects: 0.034000 ms)

========================================================================
Received Prepare
Registering precompiled user dll's ...
Registered in 0.000438 seconds.
Begin MonoManager ReloadAssembly
Native extension for WindowsStandalone target not found
Refreshing native plugins compatible for Editor in 0.17 ms, found 0 plugins.
Preloading 0 native plugins for Editor in 0.00 ms.
Invoked RoslynAnalysisRunner static constructor.
RoslynAnalysisRunner will not be running.
RoslynAnalysisRunner has terminated.
Mono: successfully reloaded assembly
- Completed reload, in  0.630 seconds
Platform modules already initialized, skipping
Refreshing native plugins compatible for Editor in 0.19 ms, found 0 plugins.
Preloading 0 native plugins for Editor in 0.00 ms.
Unloading 1114 Unused Serialized files (Serialized files now loaded: 0)
System memory in use before: 60.6 MB.
System memory in use after: 60.7 MB.

Unloading 6 unused Assets to reduce memory usage. Loaded Objects now: 1617.
Total: 1.597500 ms (FindLiveObjects: 0.209000 ms CreateObjectMapping: 0.051100 ms MarkObjects: 1.293800 ms  DeleteObjects: 0.042900 ms)

========================================================================
Received Prepare
Registering precompiled user dll's ...
Registered in 0.000454 seconds.
Begin MonoManager ReloadAssembly
Native extension for WindowsStandalone target not found
Refreshing native plugins compatible for Editor in 0.39 ms, found 0 plugins.
Preloading 0 native plugins for Editor in 0.00 ms.
Invoked RoslynAnalysisRunner static constructor.
RoslynAnalysisRunner will not be running.
RoslynAnalysisRunner has terminated.
Mono: successfully reloaded assembly
- Completed reload, in  0.634 seconds
Platform modules already initialized, skipping
Refreshing native plugins compatible for Editor in 0.18 ms, found 0 plugins.
Preloading 0 native plugins for Editor in 0.00 ms.
Unloading 1114 Unused Serialized files (Serialized files now loaded: 0)
System memory in use before: 60.6 MB.
System memory in use after: 60.7 MB.

Unloading 5 unused Assets to reduce memory usage. Loaded Objects now: 1620.
Total: 1.641000 ms (FindLiveObjects: 0.156500 ms CreateObjectMapping: 0.042900 ms MarkObjects: 1.396500 ms  DeleteObjects: 0.043600 ms)

AssetImportWorkerClient::OnTransportError - code=2 error=End of file
